<?xml version="1.0" encoding="UTF-8"?>
<testsuite xmlns:xsi="http://www.w3.org/2001/XMLSchema-instance" xsi:noNamespaceSchemaLocation="https://maven.apache.org/surefire/maven-surefire-plugin/xsd/surefire-test-report.xsd" name="com.niit.test.UserDetailTestCase" time="0.673" tests="1" errors="1" skipped="0" failures="0">
  <properties>
[...]
</properties>
  <testcase name="registerUserTestCase" classname="com.niit.test.UserDetailTestCase" time="0.432">
    <error message="org.hibernate.exception.ConstraintViolationException: could not execute statement" type="javax.persistence.PersistenceException">javax.persistence.PersistenceException: org.hibernate.exception.ConstraintViolationException: could not execute statement
	at com.niit.test.UserDetailTestCase.registerUserTestCase(UserDetailTestCase.java:42)
Caused by: org.hibernate.exception.ConstraintViolationException: could not execute statement
	at com.niit.test.UserDetailTestCase.registerUserTestCase(UserDetailTestCase.java:42)
Caused by: org.h2.jdbc.JdbcSQLException: 
Unique index or primary key violation: "PRIMARY_KEY_9 ON PUBLIC.USERDETAIL(USERNAME) VALUES ('Anisha', 1)"; SQL statement:
insert into UserDetail (address, customerName, emailId, enabled, mobileNo, password, role, username) values (?, ?, ?, ?, ?, ?, ?, ?) [23505-197]
	at com.niit.test.UserDetailTestCase.registerUserTestCase(UserDetailTestCase.java:42)
</error>
    <system-out><![CDATA[---DataSource Object is Created----
---SessionFactory Object  Created ----
---Transaction Manager object Created--
]]></system-out>
    <system-err><![CDATA[Dec 12, 2018 12:40:01 PM org.springframework.context.annotation.AnnotationConfigApplicationContext prepareRefresh
INFO: Refreshing org.springframework.context.annotation.AnnotationConfigApplicationContext@12ffd1de: startup date [Wed Dec 12 12:40:01 NPT 2018]; root of context hierarchy
Dec 12, 2018 12:40:01 PM org.springframework.jdbc.datasource.DriverManagerDataSource setDriverClassName
INFO: Loaded JDBC driver: org.h2.Driver
Dec 12, 2018 12:40:01 PM org.hibernate.dialect.Dialect <init>
INFO: HHH000400: Using dialect: org.hibernate.dialect.H2Dialect
Dec 12, 2018 12:40:01 PM org.springframework.orm.hibernate5.HibernateTransactionManager afterPropertiesSet
INFO: Using DataSource [org.springframework.jdbc.datasource.DriverManagerDataSource@4422dd48] of Hibernate SessionFactory for HibernateTransactionManager
Dec 12, 2018 12:40:02 PM org.hibernate.engine.jdbc.spi.SqlExceptionHelper logExceptions
WARN: SQL Error: 23505, SQLState: 23505
Dec 12, 2018 12:40:02 PM org.hibernate.engine.jdbc.spi.SqlExceptionHelper logExceptions
ERROR: Unique index or primary key violation: "PRIMARY_KEY_9 ON PUBLIC.USERDETAIL(USERNAME) VALUES ('Anisha', 1)"; SQL statement:
insert into UserDetail (address, customerName, emailId, enabled, mobileNo, password, role, username) values (?, ?, ?, ?, ?, ?, ?, ?) [23505-197]
Dec 12, 2018 12:40:02 PM org.hibernate.internal.ExceptionMapperStandardImpl mapManagedFlushFailure
ERROR: HHH000346: Error during managed flush [org.hibernate.exception.ConstraintViolationException: could not execute statement]
]]></system-err>
  </testcase>
</testsuite>